2018-07-24 16:25:46.241  INFO [machine-backend,,,] 92204 --- [           main] s.c.a.AnnotationConfigApplicationContext : Refreshing org.springframework.context.annotation.AnnotationConfigApplicationContext@344f4dea: startup date [Tue Jul 24 16:25:46 CST 2018]; root of context hierarchy
2018-07-24 16:25:46.268  INFO [machine-backend,,,] 92204 --- [kground-preinit] o.h.v.i.u.Version                        : HV000001: Hibernate Validator 5.3.4.Final
2018-07-24 16:25:46.705  INFO [machine-backend,,,] 92204 --- [           main] f.a.AutowiredAnnotationBeanPostProcessor : JSR-330 'javax.inject.Inject' annotation found and supported for autowiring
2018-07-24 16:25:46.757  INFO [machine-backend,,,] 92204 --- [           main] trationDelegate$BeanPostProcessorChecker : Bean 'configurationPropertiesRebinderAutoConfiguration' of type [org.springframework.cloud.autoconfigure.ConfigurationPropertiesRebinderAutoConfiguration$$EnhancerBySpringCGLIB$$470681c4] is not eligible for getting processed by all BeanPostProcessors (for example: not eligible for auto-proxying)
2018-07-24 16:25:47.163  INFO [machine-backend,,,] 92204 --- [           main] o.s.c.n.e.InstanceInfoFactory            : Setting initial instance status as: STARTING
2018-07-24 16:25:47.304  INFO [machine-backend,,,] 92204 --- [           main] c.n.d.DiscoveryClient                    : Initializing Eureka in region us-east-1
2018-07-24 16:25:47.563  INFO [machine-backend,,,] 92204 --- [           main] c.n.d.p.DiscoveryJerseyProvider          : Using JSON encoding codec LegacyJacksonJson
2018-07-24 16:25:47.564  INFO [machine-backend,,,] 92204 --- [           main] c.n.d.p.DiscoveryJerseyProvider          : Using JSON decoding codec LegacyJacksonJson
2018-07-24 16:25:47.702  INFO [machine-backend,,,] 92204 --- [           main] c.n.d.p.DiscoveryJerseyProvider          : Using XML encoding codec XStreamXml
2018-07-24 16:25:47.705  INFO [machine-backend,,,] 92204 --- [           main] c.n.d.p.DiscoveryJerseyProvider          : Using XML decoding codec XStreamXml
2018-07-24 16:25:47.967  INFO [machine-backend,,,] 92204 --- [           main] c.n.d.s.r.a.ConfigClusterResolver        : Resolving eureka endpoints via configuration
2018-07-24 16:25:48.004  INFO [machine-backend,,,] 92204 --- [           main] c.n.d.DiscoveryClient                    : Disable delta property : false
2018-07-24 16:25:48.006  INFO [machine-backend,,,] 92204 --- [           main] c.n.d.DiscoveryClient                    : Single vip registry refresh property : null
2018-07-24 16:25:48.007  INFO [machine-backend,,,] 92204 --- [           main] c.n.d.DiscoveryClient                    : Force full registry fetch : false
2018-07-24 16:25:48.011  INFO [machine-backend,,,] 92204 --- [           main] c.n.d.DiscoveryClient                    : Application is null : false
2018-07-24 16:25:48.012  INFO [machine-backend,,,] 92204 --- [           main] c.n.d.DiscoveryClient                    : Registered Applications size is zero : true
2018-07-24 16:25:48.013  INFO [machine-backend,,,] 92204 --- [           main] c.n.d.DiscoveryClient                    : Application version is -1: true
2018-07-24 16:25:48.014  INFO [machine-backend,,,] 92204 --- [           main] c.n.d.DiscoveryClient                    : Getting all instance registry info from the eureka server
2018-07-24 16:25:48.303  INFO [machine-backend,,,] 92204 --- [           main] c.n.d.DiscoveryClient                    : The response status is 200
2018-07-24 16:25:48.306  INFO [machine-backend,,,] 92204 --- [           main] c.n.d.DiscoveryClient                    : Not registering with Eureka server per configuration
2018-07-24 16:25:48.315  INFO [machine-backend,,,] 92204 --- [           main] c.n.d.DiscoveryClient                    : Discovery Client initialized at timestamp 1532420748313 with initial instances count: 9
2018-07-24 16:25:48.703  INFO [machine-backend,,,] 92204 --- [           main] c.c.c.ConfigServicePropertySourceLocator : Fetching config from server at: http://192.168.33.243:9002/
2018-07-24 16:25:49.485  INFO [machine-backend,,,] 92204 --- [           main] c.c.c.ConfigServicePropertySourceLocator : Located environment: name=machineBackend, profiles=[dev], label=null, version=null, state=null
2018-07-24 16:25:49.486  INFO [machine-backend,,,] 92204 --- [           main] b.c.PropertySourceBootstrapConfiguration : Located property source: CompositePropertySource [name='configService', propertySources=[MapPropertySource [name='classpath:config-repo/machineBackend-dev.properties'], MapPropertySource [name='classpath:config-repo/application-dev.properties'], MapPropertySource [name='classpath:config-repo/application.properties']]]
2018-07-24 16:25:49.517  INFO [machine-backend,,,] 92204 --- [           main] c.MachineBackendApplication              : The following profiles are active: dev
2018-07-24 16:25:49.551  INFO [machine-backend,,,] 92204 --- [           main] ationConfigEmbeddedWebApplicationContext : Refreshing org.springframework.boot.context.embedded.AnnotationConfigEmbeddedWebApplicationContext@5416f8db: startup date [Tue Jul 24 16:25:49 CST 2018]; parent: org.springframework.context.annotation.AnnotationConfigApplicationContext@344f4dea
2018-07-24 16:25:51.093  INFO [machine-backend,,,] 92204 --- [           main] o.s.b.f.s.DefaultListableBeanFactory     : Overriding bean definition for bean 'queue' with a different definition: replacing [Root bean: class [null]; scope=; abstract=false; lazyInit=false; autowireMode=3; dependencyCheck=0; autowireCandidate=true; primary=false; factoryBeanName=exceptionNotifyQueueConfig; factoryMethodName=queue; initMethodName=null; destroyMethodName=(inferred); defined in class path resource [com/inno72/mq/config/ExceptionNotifyQueueConfig.class]] with [Root bean: class [null]; scope=; abstract=false; lazyInit=false; autowireMode=3; dependencyCheck=0; autowireCandidate=true; primary=false; factoryBeanName=logExceptionQueueConfig; factoryMethodName=queue; initMethodName=null; destroyMethodName=(inferred); defined in class path resource [com/inno72/mq/config/LogExceptionQueueConfig.class]]
2018-07-24 16:25:51.095  INFO [machine-backend,,,] 92204 --- [           main] o.s.b.f.s.DefaultListableBeanFactory     : Overriding bean definition for bean 'exchange' with a different definition: replacing [Root bean: class [null]; scope=; abstract=false; lazyInit=false; autowireMode=3; dependencyCheck=0; autowireCandidate=true; primary=false; factoryBeanName=exceptionNotifyQueueConfig; factoryMethodName=exchange; initMethodName=null; destroyMethodName=(inferred); defined in class path resource [com/inno72/mq/config/ExceptionNotifyQueueConfig.class]] with [Root bean: class [null]; scope=; abstract=false; lazyInit=false; autowireMode=3; dependencyCheck=0; autowireCandidate=true; primary=false; factoryBeanName=logExceptionQueueConfig; factoryMethodName=exchange; initMethodName=null; destroyMethodName=(inferred); defined in class path resource [com/inno72/mq/config/LogExceptionQueueConfig.class]]
2018-07-24 16:25:51.096  INFO [machine-backend,,,] 92204 --- [           main] o.s.b.f.s.DefaultListableBeanFactory     : Overriding bean definition for bean 'binding' with a different definition: replacing [Root bean: class [null]; scope=; abstract=false; lazyInit=false; autowireMode=3; dependencyCheck=0; autowireCandidate=true; primary=false; factoryBeanName=exceptionNotifyQueueConfig; factoryMethodName=binding; initMethodName=null; destroyMethodName=(inferred); defined in class path resource [com/inno72/mq/config/ExceptionNotifyQueueConfig.class]] with [Root bean: class [null]; scope=; abstract=false; lazyInit=false; autowireMode=3; dependencyCheck=0; autowireCandidate=true; primary=false; factoryBeanName=logExceptionQueueConfig; factoryMethodName=binding; initMethodName=null; destroyMethodName=(inferred); defined in class path resource [com/inno72/mq/config/LogExceptionQueueConfig.class]]
2018-07-24 16:25:51.098  INFO [machine-backend,,,] 92204 --- [           main] o.s.b.f.s.DefaultListableBeanFactory     : Overriding bean definition for bean 'queue' with a different definition: replacing [Root bean: class [null]; scope=; abstract=false; lazyInit=false; autowireMode=3; dependencyCheck=0; autowireCandidate=true; primary=false; factoryBeanName=logExceptionQueueConfig; factoryMethodName=queue; initMethodName=null; destroyMethodName=(inferred); defined in class path resource [com/inno72/mq/config/LogExceptionQueueConfig.class]] with [Root bean: class [null]; scope=; abstract=false; lazyInit=false; autowireMode=3; dependencyCheck=0; autowireCandidate=true; primary=false; factoryBeanName=msgQueueConfig; factoryMethodName=queue; initMethodName=null; destroyMethodName=(inferred); defined in class path resource [com/inno72/mq/config/MsgQueueConfig.class]]
2018-07-24 16:25:51.099  INFO [machine-backend,,,] 92204 --- [           main] o.s.b.f.s.DefaultListableBeanFactory     : Overriding bean definition for bean 'exchange' with a different definition: replacing [Root bean: class [null]; scope=; abstract=false; lazyInit=false; autowireMode=3; dependencyCheck=0; autowireCandidate=true; primary=false; factoryBeanName=logExceptionQueueConfig; factoryMethodName=exchange; initMethodName=null; destroyMethodName=(inferred); defined in class path resource [com/inno72/mq/config/LogExceptionQueueConfig.class]] with [Root bean: class [null]; scope=; abstract=false; lazyInit=false; autowireMode=3; dependencyCheck=0; autowireCandidate=true; primary=false; factoryBeanName=msgQueueConfig; factoryMethodName=exchange; initMethodName=null; destroyMethodName=(inferred); defined in class path resource [com/inno72/mq/config/MsgQueueConfig.class]]
2018-07-24 16:25:51.104  INFO [machine-backend,,,] 92204 --- [           main] o.s.b.f.s.DefaultListableBeanFactory     : Overriding bean definition for bean 'binding' with a different definition: replacing [Root bean: class [null]; scope=; abstract=false; lazyInit=false; autowireMode=3; dependencyCheck=0; autowireCandidate=true; primary=false; factoryBeanName=logExceptionQueueConfig; factoryMethodName=binding; initMethodName=null; destroyMethodName=(inferred); defined in class path resource [com/inno72/mq/config/LogExceptionQueueConfig.class]] with [Root bean: class [null]; scope=; abstract=false; lazyInit=false; autowireMode=3; dependencyCheck=0; autowireCandidate=true; primary=false; factoryBeanName=msgQueueConfig; factoryMethodName=binding; initMethodName=null; destroyMethodName=(inferred); defined in class path resource [com/inno72/mq/config/MsgQueueConfig.class]]
2018-07-24 16:25:59.395  WARN [machine-backend,,,] 92204 --- [           main] o.m.s.m.ClassPathMapperScanner           : Skipping MapperFactoryBean with name 'inno72CheckFaultMapper' and 'com.inno72.check.mapper.Inno72CheckFaultMapper' mapperInterface. Bean already defined with the same name!
2018-07-24 16:25:59.398  WARN [machine-backend,,,] 92204 --- [           main] o.m.s.m.ClassPathMapperScanner           : Skipping MapperFactoryBean with name 'inno72CheckFaultRemarkMapper' and 'com.inno72.check.mapper.Inno72CheckFaultRemarkMapper' mapperInterface. Bean already defined with the same name!
2018-07-24 16:25:59.399  WARN [machine-backend,,,] 92204 --- [           main] o.m.s.m.ClassPathMapperScanner           : Skipping MapperFactoryBean with name 'inno72CheckFaultTypeMapper' and 'com.inno72.check.mapper.Inno72CheckFaultTypeMapper' mapperInterface. Bean already defined with the same name!
2018-07-24 16:25:59.400  WARN [machine-backend,,,] 92204 --- [           main] o.m.s.m.ClassPathMapperScanner           : Skipping MapperFactoryBean with name 'inno72CheckSignInMapper' and 'com.inno72.check.mapper.Inno72CheckSignInMapper' mapperInterface. Bean already defined with the same name!
2018-07-24 16:25:59.401  WARN [machine-backend,,,] 92204 --- [           main] o.m.s.m.ClassPathMapperScanner           : Skipping MapperFactoryBean with name 'inno72CheckUserMachineMapper' and 'com.inno72.check.mapper.Inno72CheckUserMachineMapper' mapperInterface. Bean already defined with the same name!
2018-07-24 16:25:59.402  WARN [machine-backend,,,] 92204 --- [           main] o.m.s.m.ClassPathMapperScanner           : Skipping MapperFactoryBean with name 'inno72CheckUserMapper' and 'com.inno72.check.mapper.Inno72CheckUserMapper' mapperInterface. Bean already defined with the same name!
2018-07-24 16:25:59.405  WARN [machine-backend,,,] 92204 --- [           main] o.m.s.m.ClassPathMapperScanner           : Skipping MapperFactoryBean with name 'inno72GameMapper' and 'com.inno72.game.mapper.Inno72GameMapper' mapperInterface. Bean already defined with the same name!
2018-07-24 16:25:59.406  WARN [machine-backend,,,] 92204 --- [           main] o.m.s.m.ClassPathMapperScanner           : Skipping MapperFactoryBean with name 'inno72GameUserChannelMapper' and 'com.inno72.gameUser.mapper.Inno72GameUserChannelMapper' mapperInterface. Bean already defined with the same name!
2018-07-24 16:25:59.407  WARN [machine-backend,,,] 92204 --- [           main] o.m.s.m.ClassPathMapperScanner           : Skipping MapperFactoryBean with name 'inno72GameUserMapper' and 'com.inno72.gameUser.mapper.Inno72GameUserMapper' mapperInterface. Bean already defined with the same name!
2018-07-24 16:25:59.408  WARN [machine-backend,,,] 92204 --- [           main] o.m.s.m.ClassPathMapperScanner           : Skipping MapperFactoryBean with name 'inno72GoodsMapper' and 'com.inno72.goods.mapper.Inno72GoodsMapper' mapperInterface. Bean already defined with the same name!
2018-07-24 16:25:59.409  WARN [machine-backend,,,] 92204 --- [           main] o.m.s.m.ClassPathMapperScanner           : Skipping MapperFactoryBean with name 'inno72AppMapper' and 'com.inno72.machine.mapper.Inno72AppMapper' mapperInterface. Bean already defined with the same name!
2018-07-24 16:25:59.410  WARN [machine-backend,,,] 92204 --- [           main] o.m.s.m.ClassPathMapperScanner           : Skipping MapperFactoryBean with name 'inno72LocaleMapper' and 'com.inno72.machine.mapper.Inno72LocaleMapper' mapperInterface. Bean already defined with the same name!
2018-07-24 16:25:59.411  WARN [machine-backend,,,] 92204 --- [           main] o.m.s.m.ClassPathMapperScanner           : Skipping MapperFactoryBean with name 'inno72MachineMapper' and 'com.inno72.machine.mapper.Inno72MachineMapper' mapperInterface. Bean already defined with the same name!
2018-07-24 16:25:59.412  WARN [machine-backend,,,] 92204 --- [           main] o.m.s.m.ClassPathMapperScanner           : Skipping MapperFactoryBean with name 'inno72SupplyChannelDictMapper' and 'com.inno72.machine.mapper.Inno72SupplyChannelDictMapper' mapperInterface. Bean already defined with the same name!
2018-07-24 16:25:59.413  WARN [machine-backend,,,] 92204 --- [           main] o.m.s.m.ClassPathMapperScanner           : Skipping MapperFactoryBean with name 'inno72SupplyChannelGoodsMapper' and 'com.inno72.machine.mapper.Inno72SupplyChannelGoodsMapper' mapperInterface. Bean already defined with the same name!
2018-07-24 16:25:59.414  WARN [machine-backend,,,] 92204 --- [           main] o.m.s.m.ClassPathMapperScanner           : Skipping MapperFactoryBean with name 'inno72SupplyChannelMapper' and 'com.inno72.machine.mapper.Inno72SupplyChannelMapper' mapperInterface. Bean already defined with the same name!
2018-07-24 16:25:59.414  WARN [machine-backend,,,] 92204 --- [           main] o.m.s.m.ClassPathMapperScanner           : Skipping MapperFactoryBean with name 'inno72SupplyChannelStatusMapper' and 'com.inno72.machine.mapper.Inno72SupplyChannelStatusMapper' mapperInterface. Bean already defined with the same name!
2018-07-24 16:25:59.415  WARN [machine-backend,,,] 92204 --- [           main] o.m.s.m.ClassPathMapperScanner           : Skipping MapperFactoryBean with name 'inno72OrderGoodsMapper' and 'com.inno72.order.mapper.Inno72OrderGoodsMapper' mapperInterface. Bean already defined with the same name!
2018-07-24 16:25:59.416  WARN [machine-backend,,,] 92204 --- [           main] o.m.s.m.ClassPathMapperScanner           : Skipping MapperFactoryBean with name 'inno72OrderMapper' and 'com.inno72.order.mapper.Inno72OrderMapper' mapperInterface. Bean already defined with the same name!
2018-07-24 16:25:59.417  WARN [machine-backend,,,] 92204 --- [           main] o.m.s.m.ClassPathMapperScanner           : Skipping MapperFactoryBean with name 'inno72ActivityMapper' and 'com.inno72.project.mapper.Inno72ActivityMapper' mapperInterface. Bean already defined with the same name!
2018-07-24 16:25:59.418  WARN [machine-backend,,,] 92204 --- [           main] o.m.s.m.ClassPathMapperScanner           : Skipping MapperFactoryBean with name 'inno72ActivityPlanGameResultMapper' and 'com.inno72.project.mapper.Inno72ActivityPlanGameResultMapper' mapperInterface. Bean already defined with the same name!
2018-07-24 16:25:59.419  WARN [machine-backend,,,] 92204 --- [           main] o.m.s.m.ClassPathMapperScanner           : Skipping MapperFactoryBean with name 'inno72ActivityPlanGoodsMapper' and 'com.inno72.project.mapper.Inno72ActivityPlanGoodsMapper' mapperInterface. Bean already defined with the same name!
2018-07-24 16:25:59.419  WARN [machine-backend,,,] 92204 --- [           main] o.m.s.m.ClassPathMapperScanner           : Skipping MapperFactoryBean with name 'inno72ActivityPlanMachineMapper' and 'com.inno72.project.mapper.Inno72ActivityPlanMachineMapper' mapperInterface. Bean already defined with the same name!
2018-07-24 16:25:59.421  WARN [machine-backend,,,] 92204 --- [           main] o.m.s.m.ClassPathMapperScanner           : Skipping MapperFactoryBean with name 'inno72ActivityPlanMapper' and 'com.inno72.project.mapper.Inno72ActivityPlanMapper' mapperInterface. Bean already defined with the same name!
2018-07-24 16:25:59.422  WARN [machine-backend,,,] 92204 --- [           main] o.m.s.m.ClassPathMapperScanner           : Skipping MapperFactoryBean with name 'inno72ChannelMapper' and 'com.inno72.project.mapper.Inno72ChannelMapper' mapperInterface. Bean already defined with the same name!
2018-07-24 16:25:59.423  WARN [machine-backend,,,] 92204 --- [           main] o.m.s.m.ClassPathMapperScanner           : Skipping MapperFactoryBean with name 'inno72CouponMapper' and 'com.inno72.project.mapper.Inno72CouponMapper' mapperInterface. Bean already defined with the same name!
2018-07-24 16:25:59.423  WARN [machine-backend,,,] 92204 --- [           main] o.m.s.m.ClassPathMapperScanner           : Skipping MapperFactoryBean with name 'inno72MerchantMapper' and 'com.inno72.project.mapper.Inno72MerchantMapper' mapperInterface. Bean already defined with the same name!
2018-07-24 16:25:59.424  WARN [machine-backend,,,] 92204 --- [           main] o.m.s.m.ClassPathMapperScanner           : Skipping MapperFactoryBean with name 'inno72ShopsMapper' and 'com.inno72.project.mapper.Inno72ShopsMapper' mapperInterface. Bean already defined with the same name!
2018-07-24 16:25:59.425  WARN [machine-backend,,,] 92204 --- [           main] o.m.s.m.ClassPathMapperScanner           : Skipping MapperFactoryBean with name 'inno72AdminAreaMapper' and 'com.inno72.share.mapper.Inno72AdminAreaMapper' mapperInterface. Bean already defined with the same name!
2018-07-24 16:25:59.426  WARN [machine-backend,,,] 92204 --- [           main] o.m.s.m.ClassPathMapperScanner           : Skipping MapperFactoryBean with name 'inno72DeptMapper' and 'com.inno72.system.mapper.Inno72DeptMapper' mapperInterface. Bean already defined with the same name!
2018-07-24 16:25:59.427  WARN [machine-backend,,,] 92204 --- [           main] o.m.s.m.ClassPathMapperScanner           : Skipping MapperFactoryBean with name 'inno72FunctionMapper' and 'com.inno72.system.mapper.Inno72FunctionMapper' mapperInterface. Bean already defined with the same name!
2018-07-24 16:25:59.428  WARN [machine-backend,,,] 92204 --- [           main] o.m.s.m.ClassPathMapperScanner           : Skipping MapperFactoryBean with name 'inno72RoleFunctionMapper' and 'com.inno72.system.mapper.Inno72RoleFunctionMapper' mapperInterface. Bean already defined with the same name!
2018-07-24 16:25:59.429  WARN [machine-backend,,,] 92204 --- [           main] o.m.s.m.ClassPathMapperScanner           : Skipping MapperFactoryBean with name 'inno72RoleMapper' and 'com.inno72.system.mapper.Inno72RoleMapper' mapperInterface. Bean already defined with the same name!
2018-07-24 16:25:59.429  WARN [machine-backend,,,] 92204 --- [           main] o.m.s.m.ClassPathMapperScanner           : Skipping MapperFactoryBean with name 'inno72UserDeptMapper' and 'com.inno72.system.mapper.Inno72UserDeptMapper' mapperInterface. Bean already defined with the same name!
2018-07-24 16:25:59.430  WARN [machine-backend,,,] 92204 --- [           main] o.m.s.m.ClassPathMapperScanner           : Skipping MapperFactoryBean with name 'inno72UserMapper' and 'com.inno72.system.mapper.Inno72UserMapper' mapperInterface. Bean already defined with the same name!
2018-07-24 16:25:59.431  WARN [machine-backend,,,] 92204 --- [           main] o.m.s.m.ClassPathMapperScanner           : Skipping MapperFactoryBean with name 'inno72UserRoleMapper' and 'com.inno72.system.mapper.Inno72UserRoleMapper' mapperInterface. Bean already defined with the same name!
2018-07-24 16:25:59.432  WARN [machine-backend,,,] 92204 --- [           main] o.m.s.m.ClassPathMapperScanner           : No MyBatis mapper was found in '[com]' package. Please check your configuration.
2018-07-24 16:25:59.583  INFO [machine-backend,,,] 92204 --- [           main] o.s.b.f.s.DefaultListableBeanFactory     : Overriding bean definition for bean 'managementServletContext' with a different definition: replacing [Root bean: class [null]; scope=; abstract=false; lazyInit=false; autowireMode=3; dependencyCheck=0; autowireCandidate=true; primary=false; factoryBeanName=org.springframework.boot.actuate.autoconfigure.EndpointWebMvcHypermediaManagementContextConfiguration; factoryMethodName=managementServletContext; initMethodName=null; destroyMethodName=(inferred); defined in class path resource [org/springframework/boot/actuate/autoconfigure/EndpointWebMvcHypermediaManagementContextConfiguration.class]] with [Root bean: class [null]; scope=; abstract=false; lazyInit=false; autowireMode=3; dependencyCheck=0; autowireCandidate=true; primary=false; factoryBeanName=org.springframework.boot.actuate.autoconfigure.EndpointWebMvcAutoConfiguration; factoryMethodName=managementServletContext; initMethodName=null; destroyMethodName=(inferred); defined in class path resource [org/springframework/boot/actuate/autoconfigure/EndpointWebMvcAutoConfiguration.class]]
2018-07-24 16:25:59.626  INFO [machine-backend,,,] 92204 --- [           main] .s.d.r.c.RepositoryConfigurationDelegate : Multiple Spring Data modules found, entering strict repository configuration mode!
2018-07-24 16:26:03.723  INFO [machine-backend,,,] 92204 --- [           main] .s.d.r.c.RepositoryConfigurationDelegate : Multiple Spring Data modules found, entering strict repository configuration mode!
2018-07-24 16:26:07.228  INFO [machine-backend,,,] 92204 --- [           main] .s.d.r.c.RepositoryConfigurationDelegate : Multiple Spring Data modules found, entering strict repository configuration mode!
2018-07-24 16:26:10.934  WARN [machine-backend,,,] 92204 --- [           main] t.m.s.m.ClassPathMapperScanner           : No MyBatis mapper was found in '[com.inno72.mapper]' package. Please check your configuration.
2018-07-24 16:26:10.939  WARN [machine-backend,,,] 92204 --- [           main] o.s.c.a.ConfigurationClassPostProcessor  : Cannot enhance @Configuration bean definition 'beanDefinitionConfig' since its singleton instance has been created too early. The typical cause is a non-static @Bean method with a BeanDefinitionRegistryPostProcessor return type: Consider declaring such methods as 'static'.
2018-07-24 16:26:10.940  WARN [machine-backend,,,] 92204 --- [           main] o.s.c.a.ConfigurationClassPostProcessor  : Cannot enhance @Configuration bean definition 'mybatisConfig' since its singleton instance has been created too early. The typical cause is a non-static @Bean method with a BeanDefinitionRegistryPostProcessor return type: Consider declaring such methods as 'static'.
2018-07-24 16:26:11.282  INFO [machine-backend,,,] 92204 --- [           main] o.s.c.c.s.GenericScope                   : BeanFactory id=d1ceaf6a-a5e4-3869-9c68-c0ae2d41ae64
2018-07-24 16:26:11.349  INFO [machine-backend,,,] 92204 --- [           main] f.a.AutowiredAnnotationBeanPostProcessor : JSR-330 'javax.inject.Inject' annotation found and supported for autowiring
2018-07-24 16:26:11.479  INFO [machine-backend,,,] 92204 --- [           main] trationDelegate$BeanPostProcessorChecker : Bean 'org.springframework.amqp.rabbit.annotation.RabbitBootstrapConfiguration' of type [org.springframework.amqp.rabbit.annotation.RabbitBootstrapConfiguration$$EnhancerBySpringCGLIB$$f1583cf5] is not eligible for getting processed by all BeanPostProcessors (for example: not eligible for auto-proxying)
2018-07-24 16:26:11.633  INFO [machine-backend,,,] 92204 --- [           main] trationDelegate$BeanPostProcessorChecker : Bean 'org.springframework.transaction.annotation.ProxyTransactionManagementConfiguration' of type [org.springframework.transaction.annotation.ProxyTransactionManagementConfiguration$$EnhancerBySpringCGLIB$$2aec7ec7] is not eligible for getting processed by all BeanPostProcessors (for example: not eligible for auto-proxying)
2018-07-24 16:26:11.946  INFO [machine-backend,,,] 92204 --- [           main] trationDelegate$BeanPostProcessorChecker : Bean 'org.springframework.cloud.netflix.metrics.MetricsInterceptorConfiguration$MetricsRestTemplateConfiguration' of type [org.springframework.cloud.netflix.metrics.MetricsInterceptorConfiguration$MetricsRestTemplateConfiguration$$EnhancerBySpringCGLIB$$5d192508] is not eligible for getting processed by all BeanPostProcessors (for example: not eligible for auto-proxying)
2018-07-24 16:26:11.963  INFO [machine-backend,,,] 92204 --- [           main] trationDelegate$BeanPostProcessorChecker : Bean 'org.springframework.cloud.autoconfigure.ConfigurationPropertiesRebinderAutoConfiguration' of type [org.springframework.cloud.autoconfigure.ConfigurationPropertiesRebinderAutoConfiguration$$EnhancerBySpringCGLIB$$470681c4] is not eligible for getting processed by all BeanPostProcessors (for example: not eligible for auto-proxying)
2018-07-24 16:26:12.495  INFO [machine-backend,,,] 92204 --- [           main] c.i.MvcConfiguration                     : ***********************init ReloadableResourceBundleMessageSource**************************
2018-07-24 16:26:12.948  INFO [machine-backend,,,] 92204 --- [           main] s.b.c.e.t.TomcatEmbeddedServletContainer : Tomcat initialized with port(s): 8880 (http)
2018-07-24 16:26:12.965  INFO [machine-backend,,,] 92204 --- [           main] o.a.c.c.StandardService                  : Starting service Tomcat
2018-07-24 16:26:12.968  INFO [machine-backend,,,] 92204 --- [           main] o.a.c.c.StandardEngine                   : Starting Servlet Engine: Apache Tomcat/8.5.11
2018-07-24 16:26:13.100 ERROR [machine-backend,,,] 92204 --- [cat-startStop-1] o.a.c.c.ContainerBase                    : A child container failed during start

java.util.concurrent.ExecutionException: org.apache.catalina.LifecycleException: Failed to start component [StandardEngine[Tomcat].StandardHost[localhost].TomcatEmbeddedContext[]]
	at java.util.concurrent.FutureTask.report(FutureTask.java:122) ~[?:1.8.0_112]
	at java.util.concurrent.FutureTask.get(FutureTask.java:192) ~[?:1.8.0_112]
	at org.apache.catalina.core.ContainerBase.startInternal(ContainerBase.java:939) [tomcat-embed-core-8.5.11.jar:8.5.11]
	at org.apache.catalina.core.StandardHost.startInternal(StandardHost.java:872) [tomcat-embed-core-8.5.11.jar:8.5.11]
	at org.apache.catalina.util.LifecycleBase.start(LifecycleBase.java:150) [tomcat-embed-core-8.5.11.jar:8.5.11]
	at org.apache.catalina.core.ContainerBase$StartChild.call(ContainerBase.java:1419) [tomcat-embed-core-8.5.11.jar:8.5.11]
	at org.apache.catalina.core.ContainerBase$StartChild.call(ContainerBase.java:1409) [tomcat-embed-core-8.5.11.jar:8.5.11]
	at java.util.concurrent.FutureTask.run(FutureTask.java:266) [?:1.8.0_112]
	at java.util.concurrent.ThreadPoolExecutor.runWorker(ThreadPoolExecutor.java:1142) [?:1.8.0_112]
	at java.util.concurrent.ThreadPoolExecutor$Worker.run(ThreadPoolExecutor.java:617) [?:1.8.0_112]
	at java.lang.Thread.run(Thread.java:745) [?:1.8.0_112]
Caused by: org.apache.catalina.LifecycleException: Failed to start component [StandardEngine[Tomcat].StandardHost[localhost].TomcatEmbeddedContext[]]
	at org.apache.catalina.util.LifecycleBase.start(LifecycleBase.java:167) ~[tomcat-embed-core-8.5.11.jar:8.5.11]
	... 6 more
Caused by: org.apache.catalina.LifecycleException: Failed to start component [Pipeline[StandardEngine[Tomcat].StandardHost[localhost].TomcatEmbeddedContext[]]]
	at org.apache.catalina.util.LifecycleBase.start(LifecycleBase.java:167) ~[tomcat-embed-core-8.5.11.jar:8.5.11]
	at org.apache.catalina.core.StandardContext.startInternal(StandardContext.java:5099) ~[tomcat-embed-core-8.5.11.jar:8.5.11]
	... 7 more
Caused by: org.apache.catalina.LifecycleException: Failed to start component [org.apache.catalina.authenticator.NonLoginAuthenticator[]]
	at org.apache.catalina.util.LifecycleBase.start(LifecycleBase.java:167) ~[tomcat-embed-core-8.5.11.jar:8.5.11]
	at org.apache.catalina.core.StandardPipeline.startInternal(StandardPipeline.java:170) ~[tomcat-embed-core-8.5.11.jar:8.5.11]
	at org.apache.catalina.util.LifecycleBase.start(LifecycleBase.java:150) ~[tomcat-embed-core-8.5.11.jar:8.5.11]
	at org.apache.catalina.core.StandardContext.startInternal(StandardContext.java:5099) ~[tomcat-embed-core-8.5.11.jar:8.5.11]
	... 7 more
Caused by: java.lang.NoSuchMethodError: javax.servlet.ServletContext.getVirtualServerName()Ljava/lang/String;
	at org.apache.catalina.authenticator.AuthenticatorBase.startInternal(AuthenticatorBase.java:1137) ~[tomcat-embed-core-8.5.11.jar:8.5.11]
	at org.apache.catalina.util.LifecycleBase.start(LifecycleBase.java:150) ~[tomcat-embed-core-8.5.11.jar:8.5.11]
	at org.apache.catalina.core.StandardPipeline.startInternal(StandardPipeline.java:170) ~[tomcat-embed-core-8.5.11.jar:8.5.11]
	at org.apache.catalina.util.LifecycleBase.start(LifecycleBase.java:150) ~[tomcat-embed-core-8.5.11.jar:8.5.11]
	at org.apache.catalina.core.StandardContext.startInternal(StandardContext.java:5099) ~[tomcat-embed-core-8.5.11.jar:8.5.11]
	... 7 more

2018-07-24 16:26:13.105 ERROR [machine-backend,,,] 92204 --- [           main] o.a.c.c.ContainerBase                    : A child container failed during start

java.util.concurrent.ExecutionException: org.apache.catalina.LifecycleException: Failed to start component [StandardEngine[Tomcat].StandardHost[localhost]]
	at java.util.concurrent.FutureTask.report(FutureTask.java:122) ~[?:1.8.0_112]
	at java.util.concurrent.FutureTask.get(FutureTask.java:192) ~[?:1.8.0_112]
	at org.apache.catalina.core.ContainerBase.startInternal(ContainerBase.java:939) [tomcat-embed-core-8.5.11.jar:8.5.11]
	at org.apache.catalina.core.StandardEngine.startInternal(StandardEngine.java:262) [tomcat-embed-core-8.5.11.jar:8.5.11]
	at org.apache.catalina.util.LifecycleBase.start(LifecycleBase.java:150) [tomcat-embed-core-8.5.11.jar:8.5.11]
	at org.apache.catalina.core.StandardService.startInternal(StandardService.java:422) [tomcat-embed-core-8.5.11.jar:8.5.11]
	at org.apache.catalina.util.LifecycleBase.start(LifecycleBase.java:150) [tomcat-embed-core-8.5.11.jar:8.5.11]
	at org.apache.catalina.core.StandardServer.startInternal(StandardServer.java:793) [tomcat-embed-core-8.5.11.jar:8.5.11]
	at org.apache.catalina.util.LifecycleBase.start(LifecycleBase.java:150) [tomcat-embed-core-8.5.11.jar:8.5.11]
	at org.apache.catalina.startup.Tomcat.start(Tomcat.java:343) [tomcat-embed-core-8.5.11.jar:8.5.11]
	at org.springframework.boot.context.embedded.tomcat.TomcatEmbeddedServletContainer.initialize(TomcatEmbeddedServletContainer.java:99) [spring-boot-1.5.2.RELEASE.jar:1.5.2.RELEASE]
	at org.springframework.boot.context.embedded.tomcat.TomcatEmbeddedServletContainer.<init>(TomcatEmbeddedServletContainer.java:84) [spring-boot-1.5.2.RELEASE.jar:1.5.2.RELEASE]
	at org.springframework.boot.context.embedded.tomcat.TomcatEmbeddedServletContainerFactory.getTomcatEmbeddedServletContainer(TomcatEmbeddedServletContainerFactory.java:548) [spring-boot-1.5.2.RELEASE.jar:1.5.2.RELEASE]
	at org.springframework.boot.context.embedded.tomcat.TomcatEmbeddedServletContainerFactory.getEmbeddedServletContainer(TomcatEmbeddedServletContainerFactory.java:179) [spring-boot-1.5.2.RELEASE.jar:1.5.2.RELEASE]
	at org.springframework.boot.context.embedded.EmbeddedWebApplicationContext.createEmbeddedServletContainer(EmbeddedWebApplicationContext.java:164) [spring-boot-1.5.2.RELEASE.jar:1.5.2.RELEASE]
	at org.springframework.boot.context.embedded.EmbeddedWebApplicationContext.onRefresh(EmbeddedWebApplicationContext.java:134) [spring-boot-1.5.2.RELEASE.jar:1.5.2.RELEASE]
	at org.springframework.context.support.AbstractApplicationContext.refresh(AbstractApplicationContext.java:536) [spring-context-4.3.7.RELEASE.jar:4.3.7.RELEASE]
	at org.springframework.boot.context.embedded.EmbeddedWebApplicationContext.refresh(EmbeddedWebApplicationContext.java:122) [spring-boot-1.5.2.RELEASE.jar:1.5.2.RELEASE]
	at org.springframework.boot.SpringApplication.refresh(SpringApplication.java:737) [spring-boot-1.5.2.RELEASE.jar:1.5.2.RELEASE]
	at org.springframework.boot.SpringApplication.refreshContext(SpringApplication.java:370) [spring-boot-1.5.2.RELEASE.jar:1.5.2.RELEASE]
	at org.springframework.boot.SpringApplication.run(SpringApplication.java:314) [spring-boot-1.5.2.RELEASE.jar:1.5.2.RELEASE]
	at org.springframework.boot.builder.SpringApplicationBuilder.run(SpringApplicationBuilder.java:134) [spring-boot-1.5.2.RELEASE.jar:1.5.2.RELEASE]
	at com.inno72.springboot.web.SpringApplicationBuilder.<init>(SpringApplicationBuilder.java:39) [inno72-core-0.0.1-SNAPSHOT.jar:?]
	at com.MachineBackendApplication.main(MachineBackendApplication.java:21) [classes/:?]
Caused by: org.apache.catalina.LifecycleException: Failed to start component [StandardEngine[Tomcat].StandardHost[localhost]]
	at org.apache.catalina.util.LifecycleBase.start(LifecycleBase.java:167) ~[tomcat-embed-core-8.5.11.jar:8.5.11]
	at org.apache.catalina.core.ContainerBase$StartChild.call(ContainerBase.java:1419) ~[tomcat-embed-core-8.5.11.jar:8.5.11]
	at org.apache.catalina.core.ContainerBase$StartChild.call(ContainerBase.java:1409) ~[tomcat-embed-core-8.5.11.jar:8.5.11]
	at java.util.concurrent.FutureTask.run(FutureTask.java:266) ~[?:1.8.0_112]
	at java.util.concurrent.ThreadPoolExecutor.runWorker(ThreadPoolExecutor.java:1142) ~[?:1.8.0_112]
	at java.util.concurrent.ThreadPoolExecutor$Worker.run(ThreadPoolExecutor.java:617) ~[?:1.8.0_112]
	at java.lang.Thread.run(Thread.java:745) ~[?:1.8.0_112]
Caused by: org.apache.catalina.LifecycleException: A child container failed during start
	at org.apache.catalina.core.ContainerBase.startInternal(ContainerBase.java:947) ~[tomcat-embed-core-8.5.11.jar:8.5.11]
	at org.apache.catalina.core.StandardHost.startInternal(StandardHost.java:872) ~[tomcat-embed-core-8.5.11.jar:8.5.11]
	at org.apache.catalina.util.LifecycleBase.start(LifecycleBase.java:150) ~[tomcat-embed-core-8.5.11.jar:8.5.11]
	at org.apache.catalina.core.ContainerBase$StartChild.call(ContainerBase.java:1419) ~[tomcat-embed-core-8.5.11.jar:8.5.11]
	at org.apache.catalina.core.ContainerBase$StartChild.call(ContainerBase.java:1409) ~[tomcat-embed-core-8.5.11.jar:8.5.11]
	at java.util.concurrent.FutureTask.run(FutureTask.java:266) ~[?:1.8.0_112]
	at java.util.concurrent.ThreadPoolExecutor.runWorker(ThreadPoolExecutor.java:1142) ~[?:1.8.0_112]
	at java.util.concurrent.ThreadPoolExecutor$Worker.run(ThreadPoolExecutor.java:617) ~[?:1.8.0_112]
	at java.lang.Thread.run(Thread.java:745) ~[?:1.8.0_112]

2018-07-24 16:26:13.109  WARN [machine-backend,,,] 92204 --- [           main] ationConfigEmbeddedWebApplicationContext : Exception encountered during context initialization - cancelling refresh attempt: org.springframework.context.ApplicationContextException: Unable to start embedded container; nested exception is org.springframework.boot.context.embedded.EmbeddedServletContainerException: Unable to start embedded Tomcat
2018-07-24 16:26:13.118 ERROR [machine-backend,,,] 92204 --- [           main] o.s.b.SpringApplication                  : Application startup failed

org.springframework.context.ApplicationContextException: Unable to start embedded container; nested exception is org.springframework.boot.context.embedded.EmbeddedServletContainerException: Unable to start embedded Tomcat
	at org.springframework.boot.context.embedded.EmbeddedWebApplicationContext.onRefresh(EmbeddedWebApplicationContext.java:137) ~[spring-boot-1.5.2.RELEASE.jar:1.5.2.RELEASE]
	at org.springframework.context.support.AbstractApplicationContext.refresh(AbstractApplicationContext.java:536) ~[spring-context-4.3.7.RELEASE.jar:4.3.7.RELEASE]
	at org.springframework.boot.context.embedded.EmbeddedWebApplicationContext.refresh(EmbeddedWebApplicationContext.java:122) ~[spring-boot-1.5.2.RELEASE.jar:1.5.2.RELEASE]
	at org.springframework.boot.SpringApplication.refresh(SpringApplication.java:737) [spring-boot-1.5.2.RELEASE.jar:1.5.2.RELEASE]
	at org.springframework.boot.SpringApplication.refreshContext(SpringApplication.java:370) [spring-boot-1.5.2.RELEASE.jar:1.5.2.RELEASE]
	at org.springframework.boot.SpringApplication.run(SpringApplication.java:314) [spring-boot-1.5.2.RELEASE.jar:1.5.2.RELEASE]
	at org.springframework.boot.builder.SpringApplicationBuilder.run(SpringApplicationBuilder.java:134) [spring-boot-1.5.2.RELEASE.jar:1.5.2.RELEASE]
	at com.inno72.springboot.web.SpringApplicationBuilder.<init>(SpringApplicationBuilder.java:39) [inno72-core-0.0.1-SNAPSHOT.jar:?]
	at com.MachineBackendApplication.main(MachineBackendApplication.java:21) [classes/:?]
Caused by: org.springframework.boot.context.embedded.EmbeddedServletContainerException: Unable to start embedded Tomcat
	at org.springframework.boot.context.embedded.tomcat.TomcatEmbeddedServletContainer.initialize(TomcatEmbeddedServletContainer.java:123) ~[spring-boot-1.5.2.RELEASE.jar:1.5.2.RELEASE]
	at org.springframework.boot.context.embedded.tomcat.TomcatEmbeddedServletContainer.<init>(TomcatEmbeddedServletContainer.java:84) ~[spring-boot-1.5.2.RELEASE.jar:1.5.2.RELEASE]
	at org.springframework.boot.context.embedded.tomcat.TomcatEmbeddedServletContainerFactory.getTomcatEmbeddedServletContainer(TomcatEmbeddedServletContainerFactory.java:548) ~[spring-boot-1.5.2.RELEASE.jar:1.5.2.RELEASE]
	at org.springframework.boot.context.embedded.tomcat.TomcatEmbeddedServletContainerFactory.getEmbeddedServletContainer(TomcatEmbeddedServletContainerFactory.java:179) ~[spring-boot-1.5.2.RELEASE.jar:1.5.2.RELEASE]
	at org.springframework.boot.context.embedded.EmbeddedWebApplicationContext.createEmbeddedServletContainer(EmbeddedWebApplicationContext.java:164) ~[spring-boot-1.5.2.RELEASE.jar:1.5.2.RELEASE]
	at org.springframework.boot.context.embedded.EmbeddedWebApplicationContext.onRefresh(EmbeddedWebApplicationContext.java:134) ~[spring-boot-1.5.2.RELEASE.jar:1.5.2.RELEASE]
	... 8 more
Caused by: org.apache.catalina.LifecycleException: Failed to start component [StandardServer[-1]]
	at org.apache.catalina.util.LifecycleBase.start(LifecycleBase.java:167) ~[tomcat-embed-core-8.5.11.jar:8.5.11]
	at org.apache.catalina.startup.Tomcat.start(Tomcat.java:343) ~[tomcat-embed-core-8.5.11.jar:8.5.11]
	at org.springframework.boot.context.embedded.tomcat.TomcatEmbeddedServletContainer.initialize(TomcatEmbeddedServletContainer.java:99) ~[spring-boot-1.5.2.RELEASE.jar:1.5.2.RELEASE]
	at org.springframework.boot.context.embedded.tomcat.TomcatEmbeddedServletContainer.<init>(TomcatEmbeddedServletContainer.java:84) ~[spring-boot-1.5.2.RELEASE.jar:1.5.2.RELEASE]
	at org.springframework.boot.context.embedded.tomcat.TomcatEmbeddedServletContainerFactory.getTomcatEmbeddedServletContainer(TomcatEmbeddedServletContainerFactory.java:548) ~[spring-boot-1.5.2.RELEASE.jar:1.5.2.RELEASE]
	at org.springframework.boot.context.embedded.tomcat.TomcatEmbeddedServletContainerFactory.getEmbeddedServletContainer(TomcatEmbeddedServletContainerFactory.java:179) ~[spring-boot-1.5.2.RELEASE.jar:1.5.2.RELEASE]
	at org.springframework.boot.context.embedded.EmbeddedWebApplicationContext.createEmbeddedServletContainer(EmbeddedWebApplicationContext.java:164) ~[spring-boot-1.5.2.RELEASE.jar:1.5.2.RELEASE]
	at org.springframework.boot.context.embedded.EmbeddedWebApplicationContext.onRefresh(EmbeddedWebApplicationContext.java:134) ~[spring-boot-1.5.2.RELEASE.jar:1.5.2.RELEASE]
	... 8 more
Caused by: org.apache.catalina.LifecycleException: Failed to start component [StandardService[Tomcat]]
	at org.apache.catalina.util.LifecycleBase.start(LifecycleBase.java:167) ~[tomcat-embed-core-8.5.11.jar:8.5.11]
	at org.apache.catalina.core.StandardServer.startInternal(StandardServer.java:793) ~[tomcat-embed-core-8.5.11.jar:8.5.11]
	at org.apache.catalina.util.LifecycleBase.start(LifecycleBase.java:150) ~[tomcat-embed-core-8.5.11.jar:8.5.11]
	at org.apache.catalina.startup.Tomcat.start(Tomcat.java:343) ~[tomcat-embed-core-8.5.11.jar:8.5.11]
	at org.springframework.boot.context.embedded.tomcat.TomcatEmbeddedServletContainer.initialize(TomcatEmbeddedServletContainer.java:99) ~[spring-boot-1.5.2.RELEASE.jar:1.5.2.RELEASE]
	at org.springframework.boot.context.embedded.tomcat.TomcatEmbeddedServletContainer.<init>(TomcatEmbeddedServletContainer.java:84) ~[spring-boot-1.5.2.RELEASE.jar:1.5.2.RELEASE]
	at org.springframework.boot.context.embedded.tomcat.TomcatEmbeddedServletContainerFactory.getTomcatEmbeddedServletContainer(TomcatEmbeddedServletContainerFactory.java:548) ~[spring-boot-1.5.2.RELEASE.jar:1.5.2.RELEASE]
	at org.springframework.boot.context.embedded.tomcat.TomcatEmbeddedServletContainerFactory.getEmbeddedServletContainer(TomcatEmbeddedServletContainerFactory.java:179) ~[spring-boot-1.5.2.RELEASE.jar:1.5.2.RELEASE]
	at org.springframework.boot.context.embedded.EmbeddedWebApplicationContext.createEmbeddedServletContainer(EmbeddedWebApplicationContext.java:164) ~[spring-boot-1.5.2.RELEASE.jar:1.5.2.RELEASE]
	at org.springframework.boot.context.embedded.EmbeddedWebApplicationContext.onRefresh(EmbeddedWebApplicationContext.java:134) ~[spring-boot-1.5.2.RELEASE.jar:1.5.2.RELEASE]
	... 8 more
Caused by: org.apache.catalina.LifecycleException: Failed to start component [StandardEngine[Tomcat]]
	at org.apache.catalina.util.LifecycleBase.start(LifecycleBase.java:167) ~[tomcat-embed-core-8.5.11.jar:8.5.11]
	at org.apache.catalina.core.StandardService.startInternal(StandardService.java:422) ~[tomcat-embed-core-8.5.11.jar:8.5.11]
	at org.apache.catalina.util.LifecycleBase.start(LifecycleBase.java:150) ~[tomcat-embed-core-8.5.11.jar:8.5.11]
	at org.apache.catalina.core.StandardServer.startInternal(StandardServer.java:793) ~[tomcat-embed-core-8.5.11.jar:8.5.11]
	at org.apache.catalina.util.LifecycleBase.start(LifecycleBase.java:150) ~[tomcat-embed-core-8.5.11.jar:8.5.11]
	at org.apache.catalina.startup.Tomcat.start(Tomcat.java:343) ~[tomcat-embed-core-8.5.11.jar:8.5.11]
	at org.springframework.boot.context.embedded.tomcat.TomcatEmbeddedServletContainer.initialize(TomcatEmbeddedServletContainer.java:99) ~[spring-boot-1.5.2.RELEASE.jar:1.5.2.RELEASE]
	at org.springframework.boot.context.embedded.tomcat.TomcatEmbeddedServletContainer.<init>(TomcatEmbeddedServletContainer.java:84) ~[spring-boot-1.5.2.RELEASE.jar:1.5.2.RELEASE]
	at org.springframework.boot.context.embedded.tomcat.TomcatEmbeddedServletContainerFactory.getTomcatEmbeddedServletContainer(TomcatEmbeddedServletContainerFactory.java:548) ~[spring-boot-1.5.2.RELEASE.jar:1.5.2.RELEASE]
	at org.springframework.boot.context.embedded.tomcat.TomcatEmbeddedServletContainerFactory.getEmbeddedServletContainer(TomcatEmbeddedServletContainerFactory.java:179) ~[spring-boot-1.5.2.RELEASE.jar:1.5.2.RELEASE]
	at org.springframework.boot.context.embedded.EmbeddedWebApplicationContext.createEmbeddedServletContainer(EmbeddedWebApplicationContext.java:164) ~[spring-boot-1.5.2.RELEASE.jar:1.5.2.RELEASE]
	at org.springframework.boot.context.embedded.EmbeddedWebApplicationContext.onRefresh(EmbeddedWebApplicationContext.java:134) ~[spring-boot-1.5.2.RELEASE.jar:1.5.2.RELEASE]
	... 8 more
Caused by: org.apache.catalina.LifecycleException: A child container failed during start
	at org.apache.catalina.core.ContainerBase.startInternal(ContainerBase.java:947) ~[tomcat-embed-core-8.5.11.jar:8.5.11]
	at org.apache.catalina.core.StandardEngine.startInternal(StandardEngine.java:262) ~[tomcat-embed-core-8.5.11.jar:8.5.11]
	at org.apache.catalina.util.LifecycleBase.start(LifecycleBase.java:150) ~[tomcat-embed-core-8.5.11.jar:8.5.11]
	at org.apache.catalina.core.StandardService.startInternal(StandardService.java:422) ~[tomcat-embed-core-8.5.11.jar:8.5.11]
	at org.apache.catalina.util.LifecycleBase.start(LifecycleBase.java:150) ~[tomcat-embed-core-8.5.11.jar:8.5.11]
	at org.apache.catalina.core.StandardServer.startInternal(StandardServer.java:793) ~[tomcat-embed-core-8.5.11.jar:8.5.11]
	at org.apache.catalina.util.LifecycleBase.start(LifecycleBase.java:150) ~[tomcat-embed-core-8.5.11.jar:8.5.11]
	at org.apache.catalina.startup.Tomcat.start(Tomcat.java:343) ~[tomcat-embed-core-8.5.11.jar:8.5.11]
	at org.springframework.boot.context.embedded.tomcat.TomcatEmbeddedServletContainer.initialize(TomcatEmbeddedServletContainer.java:99) ~[spring-boot-1.5.2.RELEASE.jar:1.5.2.RELEASE]
	at org.springframework.boot.context.embedded.tomcat.TomcatEmbeddedServletContainer.<init>(TomcatEmbeddedServletContainer.java:84) ~[spring-boot-1.5.2.RELEASE.jar:1.5.2.RELEASE]
	at org.springframework.boot.context.embedded.tomcat.TomcatEmbeddedServletContainerFactory.getTomcatEmbeddedServletContainer(TomcatEmbeddedServletContainerFactory.java:548) ~[spring-boot-1.5.2.RELEASE.jar:1.5.2.RELEASE]
	at org.springframework.boot.context.embedded.tomcat.TomcatEmbeddedServletContainerFactory.getEmbeddedServletContainer(TomcatEmbeddedServletContainerFactory.java:179) ~[spring-boot-1.5.2.RELEASE.jar:1.5.2.RELEASE]
	at org.springframework.boot.context.embedded.EmbeddedWebApplicationContext.createEmbeddedServletContainer(EmbeddedWebApplicationContext.java:164) ~[spring-boot-1.5.2.RELEASE.jar:1.5.2.RELEASE]
	at org.springframework.boot.context.embedded.EmbeddedWebApplicationContext.onRefresh(EmbeddedWebApplicationContext.java:134) ~[spring-boot-1.5.2.RELEASE.jar:1.5.2.RELEASE]
	... 8 more

2018-07-24 16:32:33.952  INFO [machine-backend,,,] 92493 --- [           main] s.c.a.AnnotationConfigApplicationContext : Refreshing org.springframework.context.annotation.AnnotationConfigApplicationContext@41488b16: startup date [Tue Jul 24 16:32:33 CST 2018]; root of context hierarchy
2018-07-24 16:32:34.254  INFO [machine-backend,,,] 92493 --- [kground-preinit] o.h.v.i.u.Version                        : HV000001: Hibernate Validator 5.3.4.Final
2018-07-24 16:32:34.481  INFO [machine-backend,,,] 92493 --- [           main] f.a.AutowiredAnnotationBeanPostProcessor : JSR-330 'javax.inject.Inject' annotation found and supported for autowiring
2018-07-24 16:32:34.516  INFO [machine-backend,,,] 92493 --- [           main] trationDelegate$BeanPostProcessorChecker : Bean 'configurationPropertiesRebinderAutoConfiguration' of type [org.springframework.cloud.autoconfigure.ConfigurationPropertiesRebinderAutoConfiguration$$EnhancerBySpringCGLIB$$2b44a0ec] is not eligible for getting processed by all BeanPostProcessors (for example: not eligible for auto-proxying)
2018-07-24 16:32:34.846  INFO [machine-backend,,,] 92493 --- [           main] o.s.c.n.e.InstanceInfoFactory            : Setting initial instance status as: STARTING
2018-07-24 16:32:34.965  INFO [machine-backend,,,] 92493 --- [           main] c.n.d.DiscoveryClient                    : Initializing Eureka in region us-east-1
2018-07-24 16:32:35.249  INFO [machine-backend,,,] 92493 --- [           main] c.n.d.p.DiscoveryJerseyProvider          : Using JSON encoding codec LegacyJacksonJson
2018-07-24 16:32:35.249  INFO [machine-backend,,,] 92493 --- [           main] c.n.d.p.DiscoveryJerseyProvider          : Using JSON decoding codec LegacyJacksonJson
2018-07-24 16:32:35.369  INFO [machine-backend,,,] 92493 --- [           main] c.n.d.p.DiscoveryJerseyProvider          : Using XML encoding codec XStreamXml
2018-07-24 16:32:35.369  INFO [machine-backend,,,] 92493 --- [           main] c.n.d.p.DiscoveryJerseyProvider          : Using XML decoding codec XStreamXml
2018-07-24 16:32:35.578  INFO [machine-backend,,,] 92493 --- [           main] c.n.d.s.r.a.ConfigClusterResolver        : Resolving eureka endpoints via configuration
2018-07-24 16:32:35.609  INFO [machine-backend,,,] 92493 --- [           main] c.n.d.DiscoveryClient                    : Disable delta property : false
2018-07-24 16:32:35.609  INFO [machine-backend,,,] 92493 --- [           main] c.n.d.DiscoveryClient                    : Single vip registry refresh property : null
2018-07-24 16:32:35.609  INFO [machine-backend,,,] 92493 --- [           main] c.n.d.DiscoveryClient                    : Force full registry fetch : false
2018-07-24 16:32:35.609  INFO [machine-backend,,,] 92493 --- [           main] c.n.d.DiscoveryClient                    : Application is null : false
2018-07-24 16:32:35.610  INFO [machine-backend,,,] 92493 --- [           main] c.n.d.DiscoveryClient                    : Registered Applications size is zero : true
2018-07-24 16:32:35.610  INFO [machine-backend,,,] 92493 --- [           main] c.n.d.DiscoveryClient                    : Application version is -1: true
2018-07-24 16:32:35.610  INFO [machine-backend,,,] 92493 --- [           main] c.n.d.DiscoveryClient                    : Getting all instance registry info from the eureka server
2018-07-24 16:32:35.859  INFO [machine-backend,,,] 92493 --- [           main] c.n.d.DiscoveryClient                    : The response status is 200
2018-07-24 16:32:35.861  INFO [machine-backend,,,] 92493 --- [           main] c.n.d.DiscoveryClient                    : Not registering with Eureka server per configuration
2018-07-24 16:32:35.864  INFO [machine-backend,,,] 92493 --- [           main] c.n.d.DiscoveryClient                    : Discovery Client initialized at timestamp 1532421155864 with initial instances count: 9
2018-07-24 16:32:36.141 ERROR [machine-backend,,,] 92493 --- [           main] o.s.b.SpringApplication                  : Application startup failed

org.springframework.context.ApplicationContextException: Failed to load context listener class [com.inno72.log.listener.LogEventListener]; nested exception is java.lang.ClassNotFoundException: com.inno72.log.listener.LogEventListener
	at org.springframework.boot.context.config.DelegatingApplicationListener.getListeners(DelegatingApplicationListener.java:91) ~[spring-boot-1.5.2.RELEASE.jar:1.5.2.RELEASE]
	at org.springframework.boot.context.config.DelegatingApplicationListener.onApplicationEvent(DelegatingApplicationListener.java:57) ~[spring-boot-1.5.2.RELEASE.jar:1.5.2.RELEASE]
	at org.springframework.context.event.SimpleApplicationEventMulticaster.invokeListener(SimpleApplicationEventMulticaster.java:167) ~[spring-context-4.3.7.RELEASE.jar:4.3.7.RELEASE]
	at org.springframework.context.event.SimpleApplicationEventMulticaster.multicastEvent(SimpleApplicationEventMulticaster.java:139) ~[spring-context-4.3.7.RELEASE.jar:4.3.7.RELEASE]
	at org.springframework.context.event.SimpleApplicationEventMulticaster.multicastEvent(SimpleApplicationEventMulticaster.java:122) ~[spring-context-4.3.7.RELEASE.jar:4.3.7.RELEASE]
	at org.springframework.boot.context.event.EventPublishingRunListener.environmentPrepared(EventPublishingRunListener.java:73) ~[spring-boot-1.5.2.RELEASE.jar:1.5.2.RELEASE]
	at org.springframework.boot.SpringApplicationRunListeners.environmentPrepared(SpringApplicationRunListeners.java:54) ~[spring-boot-1.5.2.RELEASE.jar:1.5.2.RELEASE]
	at org.springframework.boot.SpringApplication.prepareEnvironment(SpringApplication.java:336) [spring-boot-1.5.2.RELEASE.jar:1.5.2.RELEASE]
	at org.springframework.boot.SpringApplication.run(SpringApplication.java:307) [spring-boot-1.5.2.RELEASE.jar:1.5.2.RELEASE]
	at org.springframework.boot.builder.SpringApplicationBuilder.run(SpringApplicationBuilder.java:134) [spring-boot-1.5.2.RELEASE.jar:1.5.2.RELEASE]
	at com.inno72.springboot.web.SpringApplicationBuilder.<init>(SpringApplicationBuilder.java:39) [inno72-core-0.0.1-SNAPSHOT.jar:?]
	at com.MachineBackendApplication.main(MachineBackendApplication.java:21) [classes/:?]
Caused by: java.lang.ClassNotFoundException: com.inno72.log.listener.LogEventListener
	at java.net.URLClassLoader.findClass(URLClassLoader.java:381) ~[?:1.8.0_112]
	at java.lang.ClassLoader.loadClass(ClassLoader.java:424) ~[?:1.8.0_112]
	at sun.misc.Launcher$AppClassLoader.loadClass(Launcher.java:331) ~[?:1.8.0_112]
	at java.lang.ClassLoader.loadClass(ClassLoader.java:357) ~[?:1.8.0_112]
	at org.springframework.util.ClassUtils.forName(ClassUtils.java:250) ~[spring-core-4.3.7.RELEASE.jar:4.3.7.RELEASE]
	at org.springframework.boot.context.config.DelegatingApplicationListener.getListeners(DelegatingApplicationListener.java:83) ~[spring-boot-1.5.2.RELEASE.jar:1.5.2.RELEASE]
	... 11 more

2018-07-24 16:32:55.214  INFO [machine-backend,,,] 92512 --- [           main] s.c.a.AnnotationConfigApplicationContext : Refreshing org.springframework.context.annotation.AnnotationConfigApplicationContext@41488b16: startup date [Tue Jul 24 16:32:55 CST 2018]; root of context hierarchy
2018-07-24 16:32:55.511  INFO [machine-backend,,,] 92512 --- [kground-preinit] o.h.v.i.u.Version                        : HV000001: Hibernate Validator 5.3.4.Final
2018-07-24 16:32:55.792  INFO [machine-backend,,,] 92512 --- [           main] f.a.AutowiredAnnotationBeanPostProcessor : JSR-330 'javax.inject.Inject' annotation found and supported for autowiring
2018-07-24 16:32:55.827  INFO [machine-backend,,,] 92512 --- [           main] trationDelegate$BeanPostProcessorChecker : Bean 'configurationPropertiesRebinderAutoConfiguration' of type [org.springframework.cloud.autoconfigure.ConfigurationPropertiesRebinderAutoConfiguration$$EnhancerBySpringCGLIB$$2b44a0ec] is not eligible for getting processed by all BeanPostProcessors (for example: not eligible for auto-proxying)
2018-07-24 16:32:56.173  INFO [machine-backend,,,] 92512 --- [           main] o.s.c.n.e.InstanceInfoFactory            : Setting initial instance status as: STARTING
2018-07-24 16:32:56.283  INFO [machine-backend,,,] 92512 --- [           main] c.n.d.DiscoveryClient                    : Initializing Eureka in region us-east-1
2018-07-24 16:32:56.552  INFO [machine-backend,,,] 92512 --- [           main] c.n.d.p.DiscoveryJerseyProvider          : Using JSON encoding codec LegacyJacksonJson
2018-07-24 16:32:56.552  INFO [machine-backend,,,] 92512 --- [           main] c.n.d.p.DiscoveryJerseyProvider          : Using JSON decoding codec LegacyJacksonJson
2018-07-24 16:32:56.659  INFO [machine-backend,,,] 92512 --- [           main] c.n.d.p.DiscoveryJerseyProvider          : Using XML encoding codec XStreamXml
2018-07-24 16:32:56.659  INFO [machine-backend,,,] 92512 --- [           main] c.n.d.p.DiscoveryJerseyProvider          : Using XML decoding codec XStreamXml
2018-07-24 16:32:56.866  INFO [machine-backend,,,] 92512 --- [           main] c.n.d.s.r.a.ConfigClusterResolver        : Resolving eureka endpoints via configuration
2018-07-24 16:32:56.897  INFO [machine-backend,,,] 92512 --- [           main] c.n.d.DiscoveryClient                    : Disable delta property : false
2018-07-24 16:32:56.897  INFO [machine-backend,,,] 92512 --- [           main] c.n.d.DiscoveryClient                    : Single vip registry refresh property : null
2018-07-24 16:32:56.898  INFO [machine-backend,,,] 92512 --- [           main] c.n.d.DiscoveryClient                    : Force full registry fetch : false
2018-07-24 16:32:56.898  INFO [machine-backend,,,] 92512 --- [           main] c.n.d.DiscoveryClient                    : Application is null : false
2018-07-24 16:32:56.898  INFO [machine-backend,,,] 92512 --- [           main] c.n.d.DiscoveryClient                    : Registered Applications size is zero : true
2018-07-24 16:32:56.898  INFO [machine-backend,,,] 92512 --- [           main] c.n.d.DiscoveryClient                    : Application version is -1: true
2018-07-24 16:32:56.898  INFO [machine-backend,,,] 92512 --- [           main] c.n.d.DiscoveryClient                    : Getting all instance registry info from the eureka server
2018-07-24 16:32:57.162  INFO [machine-backend,,,] 92512 --- [           main] c.n.d.DiscoveryClient                    : The response status is 200
2018-07-24 16:32:57.166  INFO [machine-backend,,,] 92512 --- [           main] c.n.d.DiscoveryClient                    : Not registering with Eureka server per configuration
2018-07-24 16:32:57.170  INFO [machine-backend,,,] 92512 --- [           main] c.n.d.DiscoveryClient                    : Discovery Client initialized at timestamp 1532421177170 with initial instances count: 9
2018-07-24 16:32:57.457 ERROR [machine-backend,,,] 92512 --- [           main] o.s.b.SpringApplication                  : Application startup failed

org.springframework.context.ApplicationContextException: Failed to load context listener class [com.inno72.log.listener.LogEventListener]; nested exception is java.lang.ClassNotFoundException: com.inno72.log.listener.LogEventListener
	at org.springframework.boot.context.config.DelegatingApplicationListener.getListeners(DelegatingApplicationListener.java:91) ~[spring-boot-1.5.2.RELEASE.jar:1.5.2.RELEASE]
	at org.springframework.boot.context.config.DelegatingApplicationListener.onApplicationEvent(DelegatingApplicationListener.java:57) ~[spring-boot-1.5.2.RELEASE.jar:1.5.2.RELEASE]
	at org.springframework.context.event.SimpleApplicationEventMulticaster.invokeListener(SimpleApplicationEventMulticaster.java:167) ~[spring-context-4.3.7.RELEASE.jar:4.3.7.RELEASE]
	at org.springframework.context.event.SimpleApplicationEventMulticaster.multicastEvent(SimpleApplicationEventMulticaster.java:139) ~[spring-context-4.3.7.RELEASE.jar:4.3.7.RELEASE]
	at org.springframework.context.event.SimpleApplicationEventMulticaster.multicastEvent(SimpleApplicationEventMulticaster.java:122) ~[spring-context-4.3.7.RELEASE.jar:4.3.7.RELEASE]
	at org.springframework.boot.context.event.EventPublishingRunListener.environmentPrepared(EventPublishingRunListener.java:73) ~[spring-boot-1.5.2.RELEASE.jar:1.5.2.RELEASE]
	at org.springframework.boot.SpringApplicationRunListeners.environmentPrepared(SpringApplicationRunListeners.java:54) ~[spring-boot-1.5.2.RELEASE.jar:1.5.2.RELEASE]
	at org.springframework.boot.SpringApplication.prepareEnvironment(SpringApplication.java:336) [spring-boot-1.5.2.RELEASE.jar:1.5.2.RELEASE]
	at org.springframework.boot.SpringApplication.run(SpringApplication.java:307) [spring-boot-1.5.2.RELEASE.jar:1.5.2.RELEASE]
	at org.springframework.boot.builder.SpringApplicationBuilder.run(SpringApplicationBuilder.java:134) [spring-boot-1.5.2.RELEASE.jar:1.5.2.RELEASE]
	at com.inno72.springboot.web.SpringApplicationBuilder.<init>(SpringApplicationBuilder.java:39) [inno72-core-0.0.1-SNAPSHOT.jar:?]
	at com.MachineBackendApplication.main(MachineBackendApplication.java:21) [classes/:?]
Caused by: java.lang.ClassNotFoundException: com.inno72.log.listener.LogEventListener
	at java.net.URLClassLoader.findClass(URLClassLoader.java:381) ~[?:1.8.0_112]
	at java.lang.ClassLoader.loadClass(ClassLoader.java:424) ~[?:1.8.0_112]
	at sun.misc.Launcher$AppClassLoader.loadClass(Launcher.java:331) ~[?:1.8.0_112]
	at java.lang.ClassLoader.loadClass(ClassLoader.java:357) ~[?:1.8.0_112]
	at org.springframework.util.ClassUtils.forName(ClassUtils.java:250) ~[spring-core-4.3.7.RELEASE.jar:4.3.7.RELEASE]
	at org.springframework.boot.context.config.DelegatingApplicationListener.getListeners(DelegatingApplicationListener.java:83) ~[spring-boot-1.5.2.RELEASE.jar:1.5.2.RELEASE]
	... 11 more

